2025-05-05 09:08:39 INFO  e.s.S.c.usuario.UsuarioController - Inicio de sesión exitoso para usuario: admin desde IP: 0:0:0:0:0:0:0:1
2025-05-05 09:10:34 INFO  e.s.S.c.usuario.UsuarioController - Inicio de sesión exitoso para usuario: admin desde IP: 0:0:0:0:0:0:0:1
2025-05-05 11:44:25 INFO  e.s.S.c.usuario.UsuarioController - Inicio de sesión exitoso para usuario: admin desde IP: 0:0:0:0:0:0:0:1
2025-05-05 12:37:53 INFO  e.s.S.c.usuario.UsuarioController - Inicio de sesión exitoso para usuario: admin desde IP: 0:0:0:0:0:0:0:1
2025-05-05 12:57:07 INFO  e.s.S.c.usuario.UsuarioController - Inicio de sesión exitoso para usuario: admin desde IP: 0:0:0:0:0:0:0:1
2025-05-05 16:23:16 INFO  e.s.S.c.usuario.UsuarioController - Inicio de sesión exitoso para usuario: admin desde IP: 0:0:0:0:0:0:0:1
2025-05-05 16:28:02 INFO  e.s.S.c.usuario.UsuarioController - Inicio de sesión exitoso para usuario: admin desde IP: 0:0:0:0:0:0:0:1
2025-05-05 16:51:30 INFO  e.s.S.c.usuario.UsuarioController - Inicio de sesión exitoso para usuario: ernesto desde IP: 0:0:0:0:0:0:0:1
2025-05-05 16:57:38 INFO  e.s.S.c.usuario.UsuarioController - Inicio de sesión exitoso para usuario: ernesto desde IP: 0:0:0:0:0:0:0:1
2025-05-05 17:00:57 INFO  e.s.S.c.usuario.UsuarioController - Inicio de sesión exitoso para usuario: ernesto desde IP: 0:0:0:0:0:0:0:1
2025-05-05 17:06:29 INFO  e.s.S.c.usuario.UsuarioController - Inicio de sesión exitoso para usuario: ernesto desde IP: 0:0:0:0:0:0:0:1
2025-05-05 19:35:29 INFO  e.s.S.c.usuario.UsuarioController - Inicio de sesión exitoso para usuario: ernesto desde IP: 0:0:0:0:0:0:0:1
2025-05-05 19:51:01 INFO  e.s.S.c.usuario.UsuarioController - Inicio de sesión exitoso para usuario: ernesto desde IP: 0:0:0:0:0:0:0:1
2025-05-05 20:00:59 INFO  e.s.S.c.usuario.UsuarioController - Inicio de sesión exitoso para usuario: ernesto desde IP: 0:0:0:0:0:0:0:1
2025-05-05 20:08:49 INFO  e.s.S.c.usuario.UsuarioController - Inicio de sesión exitoso para usuario: ernesto desde IP: 0:0:0:0:0:0:0:1
2025-05-05 20:23:02 INFO  e.s.S.c.usuario.UsuarioController - Inicio de sesión exitoso para usuario: ernesto desde IP: 0:0:0:0:0:0:0:1
2025-05-05 20:34:21 WARN  e.s.S.c.usuario.UsuarioController - Intento fallido de login para usuario: ernesto desde IP: 0:0:0:0:0:0:0:1
2025-05-05 20:34:27 INFO  e.s.S.c.usuario.UsuarioController - Inicio de sesión exitoso para usuario: ernesto desde IP: 0:0:0:0:0:0:0:1
2025-05-05 20:46:04 INFO  e.s.S.c.usuario.UsuarioController - Inicio de sesión exitoso para usuario: ernesto desde IP: 0:0:0:0:0:0:0:1
2025-05-05 22:30:47 INFO  e.s.S.c.usuario.UsuarioController - Inicio de sesión exitoso para usuario: ernesto desde IP: 0:0:0:0:0:0:0:1
2025-05-05 22:52:42 INFO  e.s.S.ServiciosAplicacionApplication - Starting ServiciosAplicacionApplication using Java 21.0.6 with PID 7504 (C:\Users\ernestoorodriguezz\Documents\PROYECTO SERBATIC\ServiciosAplicacion\target\classes started by ernestoorodriguezz in C:\Users\ernestoorodriguezz\Documents\PROYECTO SERBATIC\ServiciosAplicacion)
2025-05-05 22:52:42 INFO  e.s.S.ServiciosAplicacionApplication - No active profile set, falling back to 1 default profile: "default"
2025-05-05 22:52:42 INFO  o.s.b.d.e.DevToolsPropertyDefaultsPostProcessor - Devtools property defaults active! Set 'spring.devtools.add-properties' to 'false' to disable
2025-05-05 22:52:42 INFO  o.s.b.d.e.DevToolsPropertyDefaultsPostProcessor - For additional web related logging consider setting the 'logging.level.web' property to 'DEBUG'
2025-05-05 22:52:43 INFO  o.s.d.r.c.RepositoryConfigurationDelegate - Bootstrapping Spring Data JPA repositories in DEFAULT mode.
2025-05-05 22:52:43 INFO  o.s.d.r.c.RepositoryConfigurationDelegate - Finished Spring Data repository scanning in 231 ms. Found 6 JPA repository interfaces.
2025-05-05 22:52:44 INFO  o.s.b.w.e.tomcat.TomcatWebServer - Tomcat initialized with port 8080 (http)
2025-05-05 22:52:44 INFO  o.a.catalina.core.StandardService - Starting service [Tomcat]
2025-05-05 22:52:44 INFO  o.a.catalina.core.StandardEngine - Starting Servlet engine: [Apache Tomcat/10.1.40]
2025-05-05 22:52:44 INFO  o.a.c.c.C.[Tomcat].[localhost].[/] - Initializing Spring embedded WebApplicationContext
2025-05-05 22:52:44 INFO  o.s.b.w.s.c.ServletWebServerApplicationContext - Root WebApplicationContext: initialization completed in 1900 ms
2025-05-05 22:52:44 INFO  o.h.jpa.internal.util.LogHelper - HHH000204: Processing PersistenceUnitInfo [name: default]
2025-05-05 22:52:44 INFO  org.hibernate.Version - HHH000412: Hibernate ORM core version 6.6.13.Final
2025-05-05 22:52:44 INFO  o.h.c.i.RegionFactoryInitiator - HHH000026: Second-level cache disabled
2025-05-05 22:52:45 INFO  o.s.o.j.p.SpringPersistenceUnitInfo - No LoadTimeWeaver setup: ignoring JPA class transformer
2025-05-05 22:52:45 INFO  com.zaxxer.hikari.HikariDataSource - HikariPool-1 - Starting...
2025-05-05 22:52:45 INFO  com.zaxxer.hikari.pool.HikariPool - HikariPool-1 - Added connection com.mysql.cj.jdbc.ConnectionImpl@33ee22e1
2025-05-05 22:52:45 INFO  com.zaxxer.hikari.HikariDataSource - HikariPool-1 - Start completed.
2025-05-05 22:52:45 WARN  org.hibernate.dialect.Dialect - HHH000511: The 5.5.5 version for [org.hibernate.dialect.MySQLDialect] is no longer supported, hence certain features may not work properly. The minimum supported version is 8.0.0. Check the community dialects project for available legacy versions.
2025-05-05 22:52:45 INFO  o.hibernate.orm.connections.pooling - HHH10001005: Database info:
	Database JDBC URL [Connecting through datasource 'HikariDataSource (HikariPool-1)']
	Database driver: undefined/unknown
	Database version: 5.5.5
	Autocommit mode: undefined/unknown
	Isolation level: undefined/unknown
	Minimum pool size: undefined/unknown
	Maximum pool size: undefined/unknown
2025-05-05 22:52:46 INFO  o.h.e.t.j.p.i.JtaPlatformInitiator - HHH000489: No JTA platform available (set 'hibernate.transaction.jta.platform' to enable JTA platform integration)
2025-05-05 22:52:46 INFO  o.s.o.j.LocalContainerEntityManagerFactoryBean - Initialized JPA EntityManagerFactory for persistence unit 'default'
2025-05-05 22:52:46 WARN  o.s.b.w.s.c.AnnotationConfigServletWebServerApplicationContext - Exception encountered during context initialization - cancelling refresh attempt: org.springframework.beans.factory.BeanCreationException: Error creating bean with name 'chatController' defined in file [C:\Users\ernestoorodriguezz\Documents\PROYECTO SERBATIC\ServiciosAplicacion\target\classes\es\serbatic\ServiciosAplicacion\control\chat\ChatController.class]: Failed to instantiate [es.serbatic.ServiciosAplicacion.control.chat.ChatController]: Constructor threw exception
2025-05-05 22:52:46 INFO  o.s.o.j.LocalContainerEntityManagerFactoryBean - Closing JPA EntityManagerFactory for persistence unit 'default'
2025-05-05 22:52:46 INFO  com.zaxxer.hikari.HikariDataSource - HikariPool-1 - Shutdown initiated...
2025-05-05 22:52:46 INFO  com.zaxxer.hikari.HikariDataSource - HikariPool-1 - Shutdown completed.
2025-05-05 22:52:46 INFO  o.a.catalina.core.StandardService - Stopping service [Tomcat]
2025-05-05 22:52:46 INFO  o.s.b.a.l.ConditionEvaluationReportLogger - 

Error starting ApplicationContext. To display the condition evaluation report re-run your application with 'debug' enabled.
2025-05-05 22:52:46 ERROR o.s.boot.SpringApplication - Application run failed
org.springframework.beans.factory.BeanCreationException: Error creating bean with name 'chatController' defined in file [C:\Users\ernestoorodriguezz\Documents\PROYECTO SERBATIC\ServiciosAplicacion\target\classes\es\serbatic\ServiciosAplicacion\control\chat\ChatController.class]: Failed to instantiate [es.serbatic.ServiciosAplicacion.control.chat.ChatController]: Constructor threw exception
	at org.springframework.beans.factory.support.AbstractAutowireCapableBeanFactory.instantiateBean(AbstractAutowireCapableBeanFactory.java:1349)
	at org.springframework.beans.factory.support.AbstractAutowireCapableBeanFactory.createBeanInstance(AbstractAutowireCapableBeanFactory.java:1234)
	at org.springframework.beans.factory.support.AbstractAutowireCapableBeanFactory.doCreateBean(AbstractAutowireCapableBeanFactory.java:569)
	at org.springframework.beans.factory.support.AbstractAutowireCapableBeanFactory.createBean(AbstractAutowireCapableBeanFactory.java:529)
	at org.springframework.beans.factory.support.AbstractBeanFactory.lambda$doGetBean$0(AbstractBeanFactory.java:339)
	at org.springframework.beans.factory.support.DefaultSingletonBeanRegistry.getSingleton(DefaultSingletonBeanRegistry.java:371)
	at org.springframework.beans.factory.support.AbstractBeanFactory.doGetBean(AbstractBeanFactory.java:337)
	at org.springframework.beans.factory.support.AbstractBeanFactory.getBean(AbstractBeanFactory.java:202)
	at org.springframework.beans.factory.support.DefaultListableBeanFactory.instantiateSingleton(DefaultListableBeanFactory.java:1221)
	at org.springframework.beans.factory.support.DefaultListableBeanFactory.preInstantiateSingleton(DefaultListableBeanFactory.java:1187)
	at org.springframework.beans.factory.support.DefaultListableBeanFactory.preInstantiateSingletons(DefaultListableBeanFactory.java:1122)
	at org.springframework.context.support.AbstractApplicationContext.finishBeanFactoryInitialization(AbstractApplicationContext.java:987)
	at org.springframework.context.support.AbstractApplicationContext.refresh(AbstractApplicationContext.java:627)
	at org.springframework.boot.web.servlet.context.ServletWebServerApplicationContext.refresh(ServletWebServerApplicationContext.java:146)
	at org.springframework.boot.SpringApplication.refresh(SpringApplication.java:753)
	at org.springframework.boot.SpringApplication.refreshContext(SpringApplication.java:439)
	at org.springframework.boot.SpringApplication.run(SpringApplication.java:318)
	at org.springframework.boot.SpringApplication.run(SpringApplication.java:1362)
	at org.springframework.boot.SpringApplication.run(SpringApplication.java:1351)
	at es.serbatic.ServiciosAplicacion.ServiciosAplicacionApplication.main(ServiciosAplicacionApplication.java:13)
	at java.base/jdk.internal.reflect.DirectMethodHandleAccessor.invoke(DirectMethodHandleAccessor.java:103)
	at java.base/java.lang.reflect.Method.invoke(Method.java:580)
	at org.springframework.boot.devtools.restart.RestartLauncher.run(RestartLauncher.java:50)
Caused by: org.springframework.beans.BeanInstantiationException: Failed to instantiate [es.serbatic.ServiciosAplicacion.control.chat.ChatController]: Constructor threw exception
	at org.springframework.beans.BeanUtils.instantiateClass(BeanUtils.java:222)
	at org.springframework.beans.factory.support.SimpleInstantiationStrategy.instantiate(SimpleInstantiationStrategy.java:122)
	at org.springframework.beans.factory.support.AbstractAutowireCapableBeanFactory.instantiateBean(AbstractAutowireCapableBeanFactory.java:1343)
	... 22 common frames omitted
Caused by: java.lang.Error: Unresolved compilation problems: 
	The import es.serbatic.ServiciosAplicacion.service.chat.ChatService cannot be resolved
	ChatService cannot be resolved to a type
	ChatService cannot be resolved to a type

	at es.serbatic.ServiciosAplicacion.control.chat.ChatController.<init>(ChatController.java:9)
	at java.base/jdk.internal.reflect.DirectConstructorHandleAccessor.newInstance(DirectConstructorHandleAccessor.java:62)
	at java.base/java.lang.reflect.Constructor.newInstanceWithCaller(Constructor.java:502)
	at java.base/java.lang.reflect.Constructor.newInstance(Constructor.java:486)
	at org.springframework.beans.BeanUtils.instantiateClass(BeanUtils.java:196)
	... 24 common frames omitted
